e:\package\rov\slserver\win32\win32\debug\vc120.pdb
e:\package\rov\slserver\win32\win32\debug\vc120.idb
e:\package\rov\slserver\win32\win32\debug\arduino_cmd.obj
e:\package\rov\slserver\win32\win32\debug\serial-win32.obj
e:\package\rov\slserver\win32\win32\debug\serverconfig.obj
e:\package\rov\slserver\win32\win32\debug\gopro_plan_queue.obj
e:\package\rov\slserver\win32\win32\debug\hardware.obj
e:\package\rov\slserver\win32\win32\debug\httpstream.obj
e:\package\rov\slserver\win32\win32\debug\httpurlconnection.obj
e:\package\rov\slserver\win32\win32\debug\gopro4.obj
e:\package\rov\slserver\win32\win32\debug\main.obj
e:\package\rov\slserver\win32\win32\debug\slrov.obj
e:\package\rov\slserver\win32\win32\debug\slserver.obj
e:\package\rov\slserver\win32\win32\debug\slclient.obj
e:\package\rov\slserver\win32\win32\debug\getopt.obj
e:\package\rov\slserver\win32\debug\slserver.pdb
e:\package\rov\slserver\win32\win32\debug\slserver.tlog\cl.command.1.tlog
e:\package\rov\slserver\win32\win32\debug\slserver.tlog\cl.read.1.tlog
e:\package\rov\slserver\win32\win32\debug\slserver.tlog\cl.write.1.tlog
e:\package\rov\slserver\win32\win32\debug\slserver.tlog\link.command.1.tlog
e:\package\rov\slserver\win32\win32\debug\slserver.tlog\link.read.1.tlog
e:\package\rov\slserver\win32\win32\debug\slserver.tlog\link.write.1.tlog
