g:\package\rov\server\win32\win32\debug\vc120.pdb
g:\package\rov\server\win32\win32\debug\vc120.idb
g:\package\rov\server\win32\win32\debug\arduino_cmd.obj
g:\package\rov\server\win32\win32\debug\hardware.obj
g:\package\rov\server\win32\win32\debug\main.obj
g:\package\rov\server\win32\win32\debug\serial-win32.obj
g:\package\rov\server\win32\win32\debug\slclient.obj
g:\package\rov\server\win32\win32\debug\slrov.obj
g:\package\rov\server\win32\win32\debug\slserver.obj
g:\package\rov\server\win32\win32\debug\getopt.obj
g:\package\rov\server\win32\win32\debug\serverconfig.obj
g:\package\rov\server\win32\win32\debug\httpstream.obj
g:\package\rov\server\win32\win32\debug\httpurlconnection.obj
g:\package\rov\server\win32\win32\debug\gopro4.obj
g:\package\rov\server\win32\debug\win32.ilk
g:\package\rov\server\win32\debug\win32.exe
g:\package\rov\server\win32\debug\win32.pdb
g:\package\rov\server\win32\win32\debug\win32.tlog\cl.command.1.tlog
g:\package\rov\server\win32\win32\debug\win32.tlog\cl.read.1.tlog
g:\package\rov\server\win32\win32\debug\win32.tlog\cl.write.1.tlog
g:\package\rov\server\win32\win32\debug\win32.tlog\link.command.1.tlog
g:\package\rov\server\win32\win32\debug\win32.tlog\link.read.1.tlog
g:\package\rov\server\win32\win32\debug\win32.tlog\link.write.1.tlog
